<fileupload size="1244813">
  <file name="Declaração-de-Vontade.pdf" tmpfile="/home/uniprev/tmp/Cpanel_Form_file.upload.6CEtbDgy4cTx6ovx">
    <progress bytes="261061" bps="125783.45"></progress>
    <progress bytes="326596" bps="129775.62"></progress>
    <progress bytes="392131" bps="122385.29"></progress>
    <progress bytes="457666" bps="130071.05"></progress>
    <progress bytes="523201" bps="124071.38"></progress>
    <progress bytes="588736" bps="130893.56"></progress>
    <progress bytes="654271" bps="123589.38"></progress>
    <progress bytes="719806" bps="128319.10"></progress>
    <progress bytes="785341" bps="114821.39"></progress>
    <progress bytes="850876" bps="117493.40"></progress>
    <progress bytes="916411" bps="119221.09"></progress>
    <progress bytes="981946" bps="111856.04"></progress>
    <progress bytes="1047481" bps="119234.32"></progress>
    <progress bytes="1113016" bps="115675.65"></progress>
    <progress bytes="1178551" bps="125553.67"></progress>
    <progress bytes="1243688" bps="126197.81"></progress>
    <progress filesize="1243686" complete="1"></progress>
  </file>
</fileupload>
