<fileupload size="3054694">
  <file name="Autorização-para-Cremação-de-Morte-Violenta.pdf" tmpfile="/home/uniprev/tmp/Cpanel_Form_file.upload.4Ku4yMOfbXg1CjSI">
    <progress bytes="261028" bps="129705.88"></progress>
    <progress bytes="326563" bps="122460.76"></progress>
    <progress bytes="392098" bps="119794.03"></progress>
    <progress bytes="457633" bps="123803.48"></progress>
    <progress bytes="523168" bps="131182.03"></progress>
    <progress bytes="654238" bps="127105.95"></progress>
    <progress bytes="719773" bps="124743.27"></progress>
    <progress bytes="785308" bps="111874.94"></progress>
    <progress bytes="850843" bps="124849.26"></progress>
    <progress bytes="916378" bps="119776.51"></progress>
    <progress bytes="981913" bps="119694.69"></progress>
    <progress bytes="1047448" bps="121409.45"></progress>
    <progress bytes="1112983" bps="108250.74"></progress>
    <progress bytes="1178518" bps="123411.11"></progress>
    <progress bytes="1244053" bps="110436.86"></progress>
    <progress bytes="1309588" bps="128100.13"></progress>
    <progress bytes="1375123" bps="107151.79"></progress>
    <progress bytes="1440658" bps="129797.47"></progress>
    <progress bytes="1506193" bps="125537.80"></progress>
    <progress bytes="1571728" bps="133035.20"></progress>
    <progress bytes="1702798" bps="131192.53"></progress>
    <progress bytes="1833868" bps="130142.09"></progress>
    <progress bytes="1899403" bps="134787.99"></progress>
    <progress bytes="2030473" bps="116330.26"></progress>
    <progress bytes="2096008" bps="133699.33"></progress>
    <progress bytes="2227078" bps="129804.79"></progress>
    <progress bytes="2292613" bps="128316.08"></progress>
    <progress bytes="2358148" bps="133912.43"></progress>
    <progress bytes="2489218" bps="124819.06"></progress>
    <progress bytes="2554753" bps="130119.09"></progress>
    <progress bytes="2620288" bps="122035.47"></progress>
    <progress bytes="2685823" bps="127961.56"></progress>
    <progress bytes="2751358" bps="120697.72"></progress>
    <progress bytes="2816893" bps="128893.00"></progress>
    <progress bytes="2882428" bps="119729.03"></progress>
    <progress bytes="2947963" bps="127882.90"></progress>
    <progress bytes="3013498" bps="123289.45"></progress>
    <progress bytes="3053535" bps="133259.89"></progress>
    <progress filesize="3053533" complete="1"></progress>
  </file>
</fileupload>
