<fileupload size="2757622">
  <file name="Autorização-para-Cremação-de-Membros-Amputados.pdf" tmpfile="/home/uniprev/tmp/Cpanel_Form_file.upload.Q5jrAUQA0Z1YcjUP">
    <progress bytes="261034" bps="129662.39"></progress>
    <progress bytes="326569" bps="119537.72"></progress>
    <progress bytes="392104" bps="127971.80"></progress>
    <progress bytes="457639" bps="121946.23"></progress>
    <progress bytes="523174" bps="126310.13"></progress>
    <progress bytes="588709" bps="129487.92"></progress>
    <progress bytes="654244" bps="131908.41"></progress>
    <progress bytes="785314" bps="129041.85"></progress>
    <progress bytes="850849" bps="126960.54"></progress>
    <progress bytes="916384" bps="124729.74"></progress>
    <progress bytes="981919" bps="125416.48"></progress>
    <progress bytes="1047454" bps="127989.05"></progress>
    <progress bytes="1112989" bps="133307.43"></progress>
    <progress bytes="1244059" bps="129423.60"></progress>
    <progress bytes="1309594" bps="122976.66"></progress>
    <progress bytes="1375129" bps="123867.59"></progress>
    <progress bytes="1440664" bps="129578.55"></progress>
    <progress bytes="1506199" bps="125319.35"></progress>
    <progress bytes="1571734" bps="125971.92"></progress>
    <progress bytes="1637269" bps="121745.96"></progress>
    <progress bytes="1702804" bps="121374.60"></progress>
    <progress bytes="1768339" bps="133929.12"></progress>
    <progress bytes="1899409" bps="126910.14"></progress>
    <progress bytes="1964944" bps="127668.40"></progress>
    <progress bytes="2030479" bps="127693.53"></progress>
    <progress bytes="2096014" bps="134939.25"></progress>
    <progress bytes="2227084" bps="131839.95"></progress>
    <progress bytes="2358154" bps="130902.18"></progress>
    <progress bytes="2423689" bps="128514.36"></progress>
    <progress bytes="2489224" bps="128579.92"></progress>
    <progress bytes="2554759" bps="132080.68"></progress>
    <progress bytes="2685829" bps="128933.32"></progress>
    <progress bytes="2751364" bps="121536.44"></progress>
    <progress bytes="2756470" bps="146897.21"></progress>
    <progress filesize="2756468" complete="1"></progress>
  </file>
</fileupload>
